[2026-02-13T03:22:24.896Z] AppLayout starting. SessionId: cmlk9...
[2026-02-13T03:22:25.026Z] AppLayout starting. SessionId: cmlj1...
[2026-02-13T03:22:25.038Z] AppLayout user found: branch1@gmail.com, Pathname: /orders
[2026-02-13T03:22:25.044Z] AppLayout user found: superadmin@gmail.com, Pathname: /users
[2026-02-13T03:22:25.070Z] AppLayout starting. SessionId: cmlk9...
[2026-02-13T03:22:25.137Z] AppLayout starting. SessionId: cmlj1...
[2026-02-13T03:22:25.143Z] AppLayout user found: branch1@gmail.com, Pathname: /orders
[2026-02-13T03:22:25.148Z] AppLayout user found: superadmin@gmail.com, Pathname: /users
[2026-02-13T03:22:25.201Z] AppLayout starting. SessionId: cmlk9...
[2026-02-13T03:22:25.202Z] AppLayout starting. SessionId: cmlj1...
[2026-02-13T03:22:25.229Z] AppLayout user found: branch1@gmail.com, Pathname: /orders
[2026-02-13T03:22:25.235Z] AppLayout user found: superadmin@gmail.com, Pathname: /users
[2026-02-13T03:22:25.284Z] AppLayout starting. SessionId: cmlk9...
[2026-02-13T03:22:25.286Z] AppLayout starting. SessionId: cmlj1...
[2026-02-13T03:22:25.302Z] AppLayout user found: branch1@gmail.com, Pathname: /orders
[2026-02-13T03:22:25.308Z] AppLayout user found: superadmin@gmail.com, Pathname: /users
[2026-02-13T03:22:25.364Z] AppLayout starting. SessionId: cmlk9...
[2026-02-13T03:22:25.366Z] AppLayout starting. SessionId: cmlj1...
[2026-02-13T03:22:25.376Z] AppLayout user found: superadmin@gmail.com, Pathname: /users
[2026-02-13T03:22:25.377Z] AppLayout user found: branch1@gmail.com, Pathname: /orders
[2026-02-13T03:22:25.434Z] AppLayout starting. SessionId: cmlk9...
[2026-02-13T03:22:25.436Z] AppLayout starting. SessionId: cmlj1...
[2026-02-13T03:22:25.453Z] AppLayout user found: branch1@gmail.com, Pathname: /orders
[2026-02-13T03:22:25.454Z] AppLayout user found: superadmin@gmail.com, Pathname: /users
[2026-02-13T03:22:25.508Z] AppLayout starting. SessionId: cmlk9...
[2026-02-13T03:22:25.509Z] AppLayout starting. SessionId: cmlj1...
[2026-02-13T03:22:25.516Z] AppLayout user found: branch1@gmail.com, Pathname: /orders
[2026-02-13T03:22:25.525Z] AppLayout user found: superadmin@gmail.com, Pathname: /users
[2026-02-13T03:22:25.581Z] AppLayout starting. SessionId: cmlk9...
[2026-02-13T03:22:25.583Z] AppLayout starting. SessionId: cmlj1...
[2026-02-13T03:22:25.594Z] AppLayout user found: branch1@gmail.com, Pathname: /orders
[2026-02-13T03:22:25.596Z] AppLayout user found: superadmin@gmail.com, Pathname: /users
[2026-02-13T03:22:25.655Z] AppLayout starting. SessionId: cmlj1...
[2026-02-13T03:22:25.656Z] AppLayout starting. SessionId: cmlk9...
[2026-02-13T03:22:25.686Z] AppLayout user found: superadmin@gmail.com, Pathname: /users
[2026-02-13T03:22:25.694Z] AppLayout user found: branch1@gmail.com, Pathname: /orders
[2026-02-13T03:22:25.739Z] AppLayout starting. SessionId: cmlj1...
[2026-02-13T03:22:25.740Z] AppLayout starting. SessionId: cmlk9...
[2026-02-13T03:22:25.747Z] AppLayout user found: superadmin@gmail.com, Pathname: /users
[2026-02-13T03:22:25.752Z] AppLayout user found: branch1@gmail.com, Pathname: /orders
[2026-02-13T03:22:25.794Z] AppLayout starting. SessionId: cmlk9...
[2026-02-13T03:22:25.796Z] AppLayout starting. SessionId: cmlj1...
[2026-02-13T03:22:25.808Z] AppLayout user found: branch1@gmail.com, Pathname: /orders
[2026-02-13T03:22:25.810Z] AppLayout user found: superadmin@gmail.com, Pathname: /users
[2026-02-13T03:22:25.847Z] AppLayout starting. SessionId: cmlk9...
[2026-02-13T03:22:25.849Z] AppLayout starting. SessionId: cmlj1...
[2026-02-13T03:22:25.857Z] AppLayout user found: branch1@gmail.com, Pathname: /orders
[2026-02-13T03:22:25.864Z] AppLayout user found: superadmin@gmail.com, Pathname: /users
[2026-02-13T03:22:25.902Z] AppLayout starting. SessionId: cmlk9...
[2026-02-13T03:22:25.904Z] AppLayout starting. SessionId: cmlj1...
[2026-02-13T03:22:25.914Z] AppLayout user found: branch1@gmail.com, Pathname: /orders
[2026-02-13T03:22:25.915Z] AppLayout user found: superadmin@gmail.com, Pathname: /users
[2026-02-13T03:22:25.939Z] AppLayout starting. SessionId: cmlk9...
[2026-02-13T03:22:25.956Z] AppLayout starting. SessionId: cmlj1...
[2026-02-13T03:22:25.959Z] AppLayout user found: branch1@gmail.com, Pathname: /orders
[2026-02-13T03:22:25.964Z] AppLayout user found: superadmin@gmail.com, Pathname: /users
[2026-02-13T03:22:47.635Z] AppLayout starting. SessionId: cmlj1...
[2026-02-13T03:22:47.643Z] AppLayout user found: superadmin@gmail.com, Pathname: /users
[2026-02-13T03:22:47.644Z] AppLayout final rendering for /users
[2026-02-13T03:22:47.669Z] AppLayout starting. SessionId: cmlj1...
[2026-02-13T03:22:47.674Z] AppLayout user found: superadmin@gmail.com, Pathname: /users
[2026-02-13T03:22:47.674Z] AppLayout final rendering for /users
[2026-02-13T03:22:47.698Z] AppLayout starting. SessionId: cmlj1...
[2026-02-13T03:22:47.702Z] AppLayout user found: superadmin@gmail.com, Pathname: /users
[2026-02-13T03:22:47.703Z] AppLayout final rendering for /users
[2026-02-13T03:22:47.729Z] AppLayout starting. SessionId: cmlj1...
[2026-02-13T03:22:47.740Z] AppLayout user found: superadmin@gmail.com, Pathname: /users
[2026-02-13T03:22:47.740Z] AppLayout final rendering for /users
[2026-02-13T03:22:47.766Z] AppLayout starting. SessionId: cmlj1...
[2026-02-13T03:22:47.777Z] AppLayout user found: superadmin@gmail.com, Pathname: /users
[2026-02-13T03:22:47.778Z] AppLayout final rendering for /users
[2026-02-13T03:22:47.804Z] AppLayout starting. SessionId: cmlj1...
[2026-02-13T03:22:47.816Z] AppLayout user found: superadmin@gmail.com, Pathname: /users
[2026-02-13T03:22:47.816Z] AppLayout final rendering for /users
[2026-02-13T03:22:47.843Z] AppLayout starting. SessionId: cmlj1...
[2026-02-13T03:22:47.852Z] AppLayout user found: superadmin@gmail.com, Pathname: /users
[2026-02-13T03:22:47.853Z] AppLayout final rendering for /users
[2026-02-13T03:22:47.886Z] AppLayout starting. SessionId: cmlj1...
[2026-02-13T03:22:47.892Z] AppLayout user found: superadmin@gmail.com, Pathname: /users
[2026-02-13T03:22:47.893Z] AppLayout final rendering for /users
[2026-02-13T03:22:47.920Z] AppLayout starting. SessionId: cmlj1...
[2026-02-13T03:22:47.925Z] AppLayout user found: superadmin@gmail.com, Pathname: /users
[2026-02-13T03:22:47.926Z] AppLayout final rendering for /users
[2026-02-13T03:22:47.958Z] AppLayout starting. SessionId: cmlj1...
[2026-02-13T03:22:47.965Z] AppLayout user found: superadmin@gmail.com, Pathname: /users
[2026-02-13T03:22:47.966Z] AppLayout final rendering for /users
[2026-02-13T03:22:47.996Z] AppLayout starting. SessionId: cmlj1...
[2026-02-13T03:22:48.003Z] AppLayout user found: superadmin@gmail.com, Pathname: /users
[2026-02-13T03:22:48.003Z] AppLayout final rendering for /users
[2026-02-13T03:22:48.028Z] AppLayout starting. SessionId: cmlj1...
[2026-02-13T03:22:48.053Z] AppLayout user found: superadmin@gmail.com, Pathname: /users
[2026-02-13T03:22:48.054Z] AppLayout final rendering for /users
[2026-02-13T03:22:48.072Z] AppLayout starting. SessionId: cmlj1...
[2026-02-13T03:22:48.080Z] AppLayout user found: superadmin@gmail.com, Pathname: /users
[2026-02-13T03:22:48.080Z] AppLayout final rendering for /users
[2026-02-13T03:22:48.101Z] AppLayout starting. SessionId: cmlj1...
[2026-02-13T03:22:48.107Z] AppLayout user found: superadmin@gmail.com, Pathname: /users
[2026-02-13T03:22:48.108Z] AppLayout final rendering for /users
[2026-02-13T03:27:24.262Z] AppLayout starting. SessionId: cmlk9...
[2026-02-13T03:27:24.293Z] AppLayout user found: branch1@gmail.com, Pathname: /orders
[2026-02-13T03:27:24.293Z] AppLayout final rendering for /orders
[2026-02-13T03:27:30.660Z] AppLayout starting. SessionId: cmlk9...
[2026-02-13T03:27:30.664Z] AppLayout user found: branch1@gmail.com, Pathname: /dashboard
